<?xml version="1.0" encoding="UTF-8"?>
<!-- Generated by org.testng.reporters.JUnitReportReporter -->
<testsuite hostname="DESKTOP-HN2PJ80" failures="1" tests="1" name="tests.CasinoPageTests" time="30.308" errors="0" timestamp="2021-02-13T14:11:04 AMT" skipped="0">
  <testcase classname="tests.CasinoPageTests" name="openCasinoPage" time="30.308">
    <failure message="Element should have text &#039;Ô³Ô¼Ô½Ô±ÕŽÕˆÕ�&#039; {div &gt; a.active}
Element: &#039;&lt;a aria-current=&quot;page&quot; class=&quot;active&quot; href=&quot;/casino&quot; type&gt;ԳԼԽԱՎՈՐ&lt;/a&gt;&#039;
Timeout: 4 s." type="com.codeborne.selenide.ex.ElementShould">
      <![CDATA[Element should have text 'Ô³Ô¼Ô½Ô±ÕŽÕˆÕ�' {div > a.active}
Element: '<a aria-current="page" class="active" href="/casino" type>ԳԼԽԱՎՈՐ</a>'
Timeout: 4 s.
at com.codeborne.selenide.impl.WebElementSource.checkCondition(WebElementSource.java:94)
at com.codeborne.selenide.commands.Should.execute(Should.java:30)
at com.codeborne.selenide.commands.Should.execute(Should.java:14)
at com.codeborne.selenide.commands.Commands.execute(Commands.java:153)
at com.codeborne.selenide.impl.SelenideElementProxy.dispatchAndRetry(SelenideElementProxy.java:124)
at com.codeborne.selenide.impl.SelenideElementProxy.invoke(SelenideElementProxy.java:76)
at com.sun.proxy.$Proxy6.shouldHave(Unknown Source)
at pages.CasinoPage.getTitleFromCasinoPage(CasinoPage.java:12)
at tests.CasinoPageTests.openCasinoPage(CasinoPageTests.java:18)
at java.base/jdk.internal.reflect.NativeMethodAccessorImpl.invoke0(Native Method)
at java.base/jdk.internal.reflect.NativeMethodAccessorImpl.invoke(NativeMethodAccessorImpl.java:62)
at java.base/jdk.internal.reflect.DelegatingMethodAccessorImpl.invoke(DelegatingMethodAccessorImpl.java:43)
at java.base/java.lang.reflect.Method.invoke(Method.java:566)
at org.testng.internal.MethodInvocationHelper.invokeMethod(MethodInvocationHelper.java:134)
at org.testng.internal.TestInvoker.invokeMethod(TestInvoker.java:597)
at org.testng.internal.TestInvoker.invokeTestMethod(TestInvoker.java:173)
at org.testng.internal.MethodRunner.runInSequence(MethodRunner.java:46)
at org.testng.internal.TestInvoker$MethodInvocationAgent.invoke(TestInvoker.java:816)
at org.testng.internal.TestInvoker.invokeTestMethods(TestInvoker.java:146)
at org.testng.internal.TestMethodWorker.invokeTestMethods(TestMethodWorker.java:146)
at org.testng.internal.TestMethodWorker.run(TestMethodWorker.java:128)
at java.base/java.util.ArrayList.forEach(ArrayList.java:1541)
at org.testng.TestRunner.privateRun(TestRunner.java:766)
at org.testng.TestRunner.run(TestRunner.java:587)
at org.testng.SuiteRunner.runTest(SuiteRunner.java:384)
at org.testng.SuiteRunner.runSequentially(SuiteRunner.java:378)
at org.testng.SuiteRunner.privateRun(SuiteRunner.java:337)
at org.testng.SuiteRunner.run(SuiteRunner.java:286)
at org.testng.SuiteRunnerWorker.runSuite(SuiteRunnerWorker.java:53)
at org.testng.SuiteRunnerWorker.run(SuiteRunnerWorker.java:96)
at org.testng.TestNG.runSuitesSequentially(TestNG.java:1187)
at org.testng.TestNG.runSuitesLocally(TestNG.java:1109)
at org.testng.TestNG.runSuites(TestNG.java:1039)
at org.testng.TestNG.run(TestNG.java:1007)
at org.apache.maven.surefire.testng.TestNGExecutor.run(TestNGExecutor.java:135)
at org.apache.maven.surefire.testng.TestNGDirectoryTestSuite.executeMulti(TestNGDirectoryTestSuite.java:193)
at org.apache.maven.surefire.testng.TestNGDirectoryTestSuite.execute(TestNGDirectoryTestSuite.java:94)
at org.apache.maven.surefire.testng.TestNGProvider.invoke(TestNGProvider.java:146)
at org.apache.maven.surefire.booter.ForkedBooter.invokeProviderInSameClassLoader(ForkedBooter.java:384)
at org.apache.maven.surefire.booter.ForkedBooter.runSuitesInProcess(ForkedBooter.java:345)
at org.apache.maven.surefire.booter.ForkedBooter.execute(ForkedBooter.java:126)
at org.apache.maven.surefire.booter.ForkedBooter.main(ForkedBooter.java:418)
]]>
    </failure>
  </testcase> <!-- openCasinoPage -->
  <system-out/>
</testsuite> <!-- tests.CasinoPageTests -->
